24-11-04 15:45:19.072 [restartedMain] INFO  c.learning.server.ServerApplication - Starting ServerApplication using Java 22.0.1 with PID 9900 (D:\Coding Videos and Documents\Spring Boot\projects\StoryHub\server\target\classes started by osafa in D:\Coding Videos and Documents\Spring Boot\projects\StoryHub\server) 
24-11-04 15:45:19.098 [restartedMain] INFO  c.learning.server.ServerApplication - No active profile set, falling back to 1 default profile: "default" 
24-11-04 15:45:19.308 [restartedMain] INFO  o.s.b.d.e.DevToolsPropertyDefaultsPostProcessor - Devtools property defaults active! Set 'spring.devtools.add-properties' to 'false' to disable 
24-11-04 15:45:19.308 [restartedMain] INFO  o.s.b.d.e.DevToolsPropertyDefaultsPostProcessor - For additional web related logging consider setting the 'logging.level.web' property to 'DEBUG' 
24-11-04 15:45:21.119 [restartedMain] INFO  o.s.d.r.c.RepositoryConfigurationDelegate - Bootstrapping Spring Data MongoDB repositories in DEFAULT mode. 
24-11-04 15:45:21.236 [restartedMain] INFO  o.s.d.r.c.RepositoryConfigurationDelegate - Finished Spring Data repository scanning in 107 ms. Found 4 MongoDB repository interfaces. 
24-11-04 15:45:22.132 [restartedMain] INFO  o.s.b.w.e.tomcat.TomcatWebServer - Tomcat initialized with port 8080 (http) 
24-11-04 15:45:22.149 [restartedMain] INFO  o.a.coyote.http11.Http11NioProtocol - Initializing ProtocolHandler ["http-nio-8080"] 
24-11-04 15:45:22.153 [restartedMain] INFO  o.a.catalina.core.StandardService - Starting service [Tomcat] 
24-11-04 15:45:22.153 [restartedMain] INFO  o.a.catalina.core.StandardEngine - Starting Servlet engine: [Apache Tomcat/10.1.31] 
24-11-04 15:45:22.213 [restartedMain] INFO  o.a.c.c.C.[Tomcat].[localhost].[/] - Initializing Spring embedded WebApplicationContext 
24-11-04 15:45:22.213 [restartedMain] INFO  o.s.b.w.s.c.ServletWebServerApplicationContext - Root WebApplicationContext: initialization completed in 2903 ms 
24-11-04 15:45:22.518 [restartedMain] INFO  org.mongodb.driver.client - MongoClient with metadata {"driver": {"name": "mongo-java-driver|sync|spring-boot", "version": "4.11.4"}, "os": {"type": "Windows", "name": "Windows 11", "architecture": "amd64", "version": "10.0"}, "platform": "Java/Oracle Corporation/22.0.1+8-16"} created with settings MongoClientSettings{readPreference=primary, writeConcern=WriteConcern{w=null, wTimeout=null ms, journal=null}, retryWrites=true, retryReads=true, readConcern=ReadConcern{level=null}, credential=null, transportSettings=null, streamFactoryFactory=null, commandListeners=[], codecRegistry=ProvidersCodecRegistry{codecProviders=[ValueCodecProvider{}, BsonValueCodecProvider{}, DBRefCodecProvider{}, DBObjectCodecProvider{}, DocumentCodecProvider{}, CollectionCodecProvider{}, IterableCodecProvider{}, MapCodecProvider{}, GeoJsonCodecProvider{}, GridFSFileCodecProvider{}, Jsr310CodecProvider{}, JsonObjectCodecProvider{}, BsonCodecProvider{}, EnumCodecProvider{}, com.mongodb.client.model.mql.ExpressionCodecProvider@75e50382, com.mongodb.Jep395RecordCodecProvider@29d82753, com.mongodb.KotlinCodecProvider@77808783]}, loggerSettings=LoggerSettings{maxDocumentLength=1000}, clusterSettings={hosts=[localhost:27017], srvServiceName=mongodb, mode=SINGLE, requiredClusterType=UNKNOWN, requiredReplicaSetName='null', serverSelector='null', clusterListeners='[]', serverSelectionTimeout='30000 ms', localThreshold='15 ms'}, socketSettings=SocketSettings{connectTimeoutMS=10000, readTimeoutMS=0, receiveBufferSize=0, proxySettings=ProxySettings{host=null, port=null, username=null, password=null}}, heartbeatSocketSettings=SocketSettings{connectTimeoutMS=10000, readTimeoutMS=10000, receiveBufferSize=0, proxySettings=ProxySettings{host=null, port=null, username=null, password=null}}, connectionPoolSettings=ConnectionPoolSettings{maxSize=100, minSize=0, maxWaitTimeMS=120000, maxConnectionLifeTimeMS=0, maxConnectionIdleTimeMS=0, maintenanceInitialDelayMS=0, maintenanceFrequencyMS=60000, connectionPoolListeners=[], maxConnecting=2}, serverSettings=ServerSettings{heartbeatFrequencyMS=10000, minHeartbeatFrequencyMS=500, serverListeners='[]', serverMonitorListeners='[]'}, sslSettings=SslSettings{enabled=false, invalidHostNameAllowed=false, context=null}, applicationName='null', compressorList=[], uuidRepresentation=JAVA_LEGACY, serverApi=null, autoEncryptionSettings=null, dnsClient=null, inetAddressResolver=null, contextProvider=null} 
24-11-04 15:45:22.566 [cluster-ClusterId{value='6728a5c2bb7f564ad6c7fa72', description='null'}-localhost:27017] INFO  org.mongodb.driver.cluster - Monitor thread successfully connected to server with description ServerDescription{address=localhost:27017, type=STANDALONE, state=CONNECTED, ok=true, minWireVersion=0, maxWireVersion=25, maxDocumentSize=16777216, logicalSessionTimeoutMinutes=30, roundTripTimeNanos=46962400} 
24-11-04 15:45:22.790 [restartedMain] INFO  o.s.b.d.a.OptionalLiveReloadServer - LiveReload server is running on port 35729 
24-11-04 15:45:23.399 [restartedMain] INFO  o.s.s.web.DefaultSecurityFilterChain - Will secure any request with [org.springframework.security.web.session.DisableEncodeUrlFilter@594e7942, org.springframework.security.web.context.request.async.WebAsyncManagerIntegrationFilter@7747d91a, org.springframework.security.web.context.SecurityContextHolderFilter@739a5340, org.springframework.security.web.header.HeaderWriterFilter@7ff2f0c6, org.springframework.security.web.authentication.logout.LogoutFilter@51a4faad, com.learning.server.Service.JWTService.JWTFilter@1bc5aac6, org.springframework.security.web.authentication.www.BasicAuthenticationFilter@984e47d, org.springframework.security.web.savedrequest.RequestCacheAwareFilter@400418d9, org.springframework.security.web.servletapi.SecurityContextHolderAwareRequestFilter@50fcdb1, org.springframework.security.web.authentication.AnonymousAuthenticationFilter@5ed2c80a, org.springframework.security.web.session.SessionManagementFilter@1e2ceccf, org.springframework.security.web.access.ExceptionTranslationFilter@51e2f28a, org.springframework.security.web.access.intercept.AuthorizationFilter@5cb4233f] 
24-11-04 15:45:23.746 [restartedMain] INFO  o.a.coyote.http11.Http11NioProtocol - Starting ProtocolHandler ["http-nio-8080"] 
24-11-04 15:45:23.766 [restartedMain] INFO  o.s.b.w.e.tomcat.TomcatWebServer - Tomcat started on port 8080 (http) with context path '' 
24-11-04 15:45:23.776 [restartedMain] INFO  c.learning.server.ServerApplication - Started ServerApplication in 5.607 seconds (process running for 7.435) 
24-11-04 15:46:16.433 [File Watcher] INFO  o.s.b.d.a.LocalDevToolsAutoConfiguration$RestartingClassPathChangeChangedEventListener - Restarting due to 30 class path changes (0 additions, 30 deletions, 0 modifications) 
24-11-04 15:46:16.485 [Thread-4] INFO  o.a.coyote.http11.Http11NioProtocol - Stopping ProtocolHandler ["http-nio-8080"] 
24-11-04 15:46:24.119 [restartedMain] INFO  c.learning.server.ServerApplication - Starting ServerApplication using Java 22.0.1 with PID 9900 (D:\Coding Videos and Documents\Spring Boot\projects\StoryHub\server\target\classes started by osafa in D:\Coding Videos and Documents\Spring Boot\projects\StoryHub\server) 
24-11-04 15:46:24.121 [restartedMain] INFO  c.learning.server.ServerApplication - No active profile set, falling back to 1 default profile: "default" 
24-11-04 15:46:24.884 [restartedMain] INFO  o.s.d.r.c.RepositoryConfigurationDelegate - Bootstrapping Spring Data MongoDB repositories in DEFAULT mode. 
24-11-04 15:46:24.932 [restartedMain] INFO  o.s.d.r.c.RepositoryConfigurationDelegate - Finished Spring Data repository scanning in 47 ms. Found 4 MongoDB repository interfaces. 
24-11-04 15:46:25.181 [restartedMain] INFO  o.s.b.w.e.tomcat.TomcatWebServer - Tomcat initialized with port 8080 (http) 
24-11-04 15:46:25.202 [restartedMain] INFO  o.a.catalina.core.StandardService - Starting service [Tomcat] 
24-11-04 15:46:25.205 [restartedMain] INFO  o.a.catalina.core.StandardEngine - Starting Servlet engine: [Apache Tomcat/10.1.31] 
24-11-04 15:46:25.245 [restartedMain] INFO  o.a.c.c.C.[Tomcat].[localhost].[/] - Initializing Spring embedded WebApplicationContext 
24-11-04 15:46:25.245 [restartedMain] INFO  o.s.b.w.s.c.ServletWebServerApplicationContext - Root WebApplicationContext: initialization completed in 1119 ms 
24-11-04 15:46:25.344 [restartedMain] INFO  org.mongodb.driver.client - MongoClient with metadata {"driver": {"name": "mongo-java-driver|sync|spring-boot", "version": "4.11.4"}, "os": {"type": "Windows", "name": "Windows 11", "architecture": "amd64", "version": "10.0"}, "platform": "Java/Oracle Corporation/22.0.1+8-16"} created with settings MongoClientSettings{readPreference=primary, writeConcern=WriteConcern{w=null, wTimeout=null ms, journal=null}, retryWrites=true, retryReads=true, readConcern=ReadConcern{level=null}, credential=null, transportSettings=null, streamFactoryFactory=null, commandListeners=[], codecRegistry=ProvidersCodecRegistry{codecProviders=[ValueCodecProvider{}, BsonValueCodecProvider{}, DBRefCodecProvider{}, DBObjectCodecProvider{}, DocumentCodecProvider{}, CollectionCodecProvider{}, IterableCodecProvider{}, MapCodecProvider{}, GeoJsonCodecProvider{}, GridFSFileCodecProvider{}, Jsr310CodecProvider{}, JsonObjectCodecProvider{}, BsonCodecProvider{}, EnumCodecProvider{}, com.mongodb.client.model.mql.ExpressionCodecProvider@75e50382, com.mongodb.Jep395RecordCodecProvider@29d82753, com.mongodb.KotlinCodecProvider@77808783]}, loggerSettings=LoggerSettings{maxDocumentLength=1000}, clusterSettings={hosts=[localhost:27017], srvServiceName=mongodb, mode=SINGLE, requiredClusterType=UNKNOWN, requiredReplicaSetName='null', serverSelector='null', clusterListeners='[]', serverSelectionTimeout='30000 ms', localThreshold='15 ms'}, socketSettings=SocketSettings{connectTimeoutMS=10000, readTimeoutMS=0, receiveBufferSize=0, proxySettings=ProxySettings{host=null, port=null, username=null, password=null}}, heartbeatSocketSettings=SocketSettings{connectTimeoutMS=10000, readTimeoutMS=10000, receiveBufferSize=0, proxySettings=ProxySettings{host=null, port=null, username=null, password=null}}, connectionPoolSettings=ConnectionPoolSettings{maxSize=100, minSize=0, maxWaitTimeMS=120000, maxConnectionLifeTimeMS=0, maxConnectionIdleTimeMS=0, maintenanceInitialDelayMS=0, maintenanceFrequencyMS=60000, connectionPoolListeners=[], maxConnecting=2}, serverSettings=ServerSettings{heartbeatFrequencyMS=10000, minHeartbeatFrequencyMS=500, serverListeners='[]', serverMonitorListeners='[]'}, sslSettings=SslSettings{enabled=false, invalidHostNameAllowed=false, context=null}, applicationName='null', compressorList=[], uuidRepresentation=JAVA_LEGACY, serverApi=null, autoEncryptionSettings=null, dnsClient=null, inetAddressResolver=null, contextProvider=null} 
24-11-04 15:46:25.385 [restartedMain] INFO  o.s.b.d.a.OptionalLiveReloadServer - LiveReload server is running on port 35729 
24-11-04 15:46:25.639 [cluster-ClusterId{value='6728a601bb7f564ad6c7fa74', description='null'}-localhost:27017] INFO  org.mongodb.driver.cluster - Monitor thread successfully connected to server with description ServerDescription{address=localhost:27017, type=STANDALONE, state=CONNECTED, ok=true, minWireVersion=0, maxWireVersion=25, maxDocumentSize=16777216, logicalSessionTimeoutMinutes=30, roundTripTimeNanos=18704800} 
24-11-04 15:46:25.709 [restartedMain] INFO  o.s.s.web.DefaultSecurityFilterChain - Will secure any request with [org.springframework.security.web.session.DisableEncodeUrlFilter@7b70922c, org.springframework.security.web.context.request.async.WebAsyncManagerIntegrationFilter@3080c411, org.springframework.security.web.context.SecurityContextHolderFilter@6b9bd5ff, org.springframework.security.web.header.HeaderWriterFilter@1099e1de, org.springframework.security.web.authentication.logout.LogoutFilter@5dfa4c1f, com.learning.server.Service.JWTService.JWTFilter@4b9c4597, org.springframework.security.web.authentication.www.BasicAuthenticationFilter@74e5b21b, org.springframework.security.web.savedrequest.RequestCacheAwareFilter@75f684fd, org.springframework.security.web.servletapi.SecurityContextHolderAwareRequestFilter@2a3e1c8c, org.springframework.security.web.authentication.AnonymousAuthenticationFilter@2404fd72, org.springframework.security.web.session.SessionManagementFilter@4bf12edf, org.springframework.security.web.access.ExceptionTranslationFilter@740d5fde, org.springframework.security.web.access.intercept.AuthorizationFilter@46ea5f4c] 
24-11-04 15:46:25.956 [restartedMain] INFO  o.s.b.w.e.tomcat.TomcatWebServer - Tomcat started on port 8080 (http) with context path '' 
24-11-04 15:46:25.962 [restartedMain] INFO  c.learning.server.ServerApplication - Started ServerApplication in 2.018 seconds (process running for 69.62) 
24-11-04 15:46:25.972 [restartedMain] INFO  o.s.b.d.a.ConditionEvaluationDeltaLoggingListener - Condition evaluation unchanged 
24-11-04 15:46:35.532 [restartedMain] INFO  c.learning.server.ServerApplication - Starting ServerApplication using Java 22.0.1 with PID 15148 (D:\Coding Videos and Documents\Spring Boot\projects\StoryHub\server\target\classes started by osafa in D:\Coding Videos and Documents\Spring Boot\projects\StoryHub\server) 
24-11-04 15:46:35.548 [restartedMain] INFO  c.learning.server.ServerApplication - No active profile set, falling back to 1 default profile: "default" 
24-11-04 15:46:35.756 [restartedMain] INFO  o.s.b.d.e.DevToolsPropertyDefaultsPostProcessor - Devtools property defaults active! Set 'spring.devtools.add-properties' to 'false' to disable 
24-11-04 15:46:35.756 [restartedMain] INFO  o.s.b.d.e.DevToolsPropertyDefaultsPostProcessor - For additional web related logging consider setting the 'logging.level.web' property to 'DEBUG' 
24-11-04 15:46:37.789 [restartedMain] INFO  o.s.d.r.c.RepositoryConfigurationDelegate - Bootstrapping Spring Data MongoDB repositories in DEFAULT mode. 
24-11-04 15:46:38.035 [restartedMain] INFO  o.s.d.r.c.RepositoryConfigurationDelegate - Finished Spring Data repository scanning in 205 ms. Found 4 MongoDB repository interfaces. 
24-11-04 15:46:39.384 [restartedMain] INFO  o.s.b.w.e.tomcat.TomcatWebServer - Tomcat initialized with port 8080 (http) 
24-11-04 15:46:39.410 [restartedMain] INFO  o.a.coyote.http11.Http11NioProtocol - Initializing ProtocolHandler ["http-nio-8080"] 
24-11-04 15:46:39.420 [restartedMain] INFO  o.a.catalina.core.StandardService - Starting service [Tomcat] 
24-11-04 15:46:39.420 [restartedMain] INFO  o.a.catalina.core.StandardEngine - Starting Servlet engine: [Apache Tomcat/10.1.31] 
24-11-04 15:46:39.518 [restartedMain] INFO  o.a.c.c.C.[Tomcat].[localhost].[/] - Initializing Spring embedded WebApplicationContext 
24-11-04 15:46:39.518 [restartedMain] INFO  o.s.b.w.s.c.ServletWebServerApplicationContext - Root WebApplicationContext: initialization completed in 3760 ms 
24-11-04 15:46:39.980 [restartedMain] INFO  org.mongodb.driver.client - MongoClient with metadata {"driver": {"name": "mongo-java-driver|sync|spring-boot", "version": "4.11.4"}, "os": {"type": "Windows", "name": "Windows 11", "architecture": "amd64", "version": "10.0"}, "platform": "Java/Oracle Corporation/22.0.1+8-16"} created with settings MongoClientSettings{readPreference=primary, writeConcern=WriteConcern{w=null, wTimeout=null ms, journal=null}, retryWrites=true, retryReads=true, readConcern=ReadConcern{level=null}, credential=null, transportSettings=null, streamFactoryFactory=null, commandListeners=[], codecRegistry=ProvidersCodecRegistry{codecProviders=[ValueCodecProvider{}, BsonValueCodecProvider{}, DBRefCodecProvider{}, DBObjectCodecProvider{}, DocumentCodecProvider{}, CollectionCodecProvider{}, IterableCodecProvider{}, MapCodecProvider{}, GeoJsonCodecProvider{}, GridFSFileCodecProvider{}, Jsr310CodecProvider{}, JsonObjectCodecProvider{}, BsonCodecProvider{}, EnumCodecProvider{}, com.mongodb.client.model.mql.ExpressionCodecProvider@7dac543b, com.mongodb.Jep395RecordCodecProvider@4597897b, com.mongodb.KotlinCodecProvider@49988c92]}, loggerSettings=LoggerSettings{maxDocumentLength=1000}, clusterSettings={hosts=[localhost:27017], srvServiceName=mongodb, mode=SINGLE, requiredClusterType=UNKNOWN, requiredReplicaSetName='null', serverSelector='null', clusterListeners='[]', serverSelectionTimeout='30000 ms', localThreshold='15 ms'}, socketSettings=SocketSettings{connectTimeoutMS=10000, readTimeoutMS=0, receiveBufferSize=0, proxySettings=ProxySettings{host=null, port=null, username=null, password=null}}, heartbeatSocketSettings=SocketSettings{connectTimeoutMS=10000, readTimeoutMS=10000, receiveBufferSize=0, proxySettings=ProxySettings{host=null, port=null, username=null, password=null}}, connectionPoolSettings=ConnectionPoolSettings{maxSize=100, minSize=0, maxWaitTimeMS=120000, maxConnectionLifeTimeMS=0, maxConnectionIdleTimeMS=0, maintenanceInitialDelayMS=0, maintenanceFrequencyMS=60000, connectionPoolListeners=[], maxConnecting=2}, serverSettings=ServerSettings{heartbeatFrequencyMS=10000, minHeartbeatFrequencyMS=500, serverListeners='[]', serverMonitorListeners='[]'}, sslSettings=SslSettings{enabled=false, invalidHostNameAllowed=false, context=null}, applicationName='null', compressorList=[], uuidRepresentation=JAVA_LEGACY, serverApi=null, autoEncryptionSettings=null, dnsClient=null, inetAddressResolver=null, contextProvider=null} 
24-11-04 15:46:40.033 [cluster-ClusterId{value='6728a60f4cca3f4bbb91e45d', description='null'}-localhost:27017] INFO  org.mongodb.driver.cluster - Monitor thread successfully connected to server with description ServerDescription{address=localhost:27017, type=STANDALONE, state=CONNECTED, ok=true, minWireVersion=0, maxWireVersion=25, maxDocumentSize=16777216, logicalSessionTimeoutMinutes=30, roundTripTimeNanos=48436400} 
24-11-04 15:46:40.604 [restartedMain] INFO  o.s.b.d.a.OptionalLiveReloadServer - LiveReload server is running on port 35729 
24-11-04 15:46:41.975 [restartedMain] INFO  o.s.s.web.DefaultSecurityFilterChain - Will secure any request with [org.springframework.security.web.session.DisableEncodeUrlFilter@4cffa1d2, org.springframework.security.web.context.request.async.WebAsyncManagerIntegrationFilter@6daac281, org.springframework.security.web.context.SecurityContextHolderFilter@3763930b, org.springframework.security.web.header.HeaderWriterFilter@410a6ba8, org.springframework.security.web.authentication.logout.LogoutFilter@78ee0ea5, com.learning.server.Service.JWTService.JWTFilter@a8ac5dd, org.springframework.security.web.authentication.www.BasicAuthenticationFilter@15069e42, org.springframework.security.web.savedrequest.RequestCacheAwareFilter@356155a7, org.springframework.security.web.servletapi.SecurityContextHolderAwareRequestFilter@60af7372, org.springframework.security.web.authentication.AnonymousAuthenticationFilter@103f71b0, org.springframework.security.web.session.SessionManagementFilter@1683214b, org.springframework.security.web.access.ExceptionTranslationFilter@2af5c041, org.springframework.security.web.access.intercept.AuthorizationFilter@2f09eb47] 
24-11-04 15:46:42.559 [restartedMain] INFO  o.a.coyote.http11.Http11NioProtocol - Starting ProtocolHandler ["http-nio-8080"] 
24-11-04 15:46:42.620 [restartedMain] INFO  o.s.b.w.e.tomcat.TomcatWebServer - Tomcat started on port 8080 (http) with context path '' 
24-11-04 15:46:42.663 [restartedMain] INFO  c.learning.server.ServerApplication - Started ServerApplication in 8.214 seconds (process running for 9.777) 
24-11-04 15:47:03.876 [http-nio-8080-exec-4] INFO  o.a.c.c.C.[Tomcat].[localhost].[/] - Initializing Spring DispatcherServlet 'dispatcherServlet' 
24-11-04 15:47:03.876 [http-nio-8080-exec-4] INFO  o.s.web.servlet.DispatcherServlet - Initializing Servlet 'dispatcherServlet' 
24-11-04 15:47:03.878 [http-nio-8080-exec-4] INFO  o.s.web.servlet.DispatcherServlet - Completed initialization in 2 ms 
24-11-04 15:47:03.936 [http-nio-8080-exec-8] DEBUG o.s.security.web.FilterChainProxy - Securing GET /home/all-blogs 
24-11-04 15:47:03.936 [http-nio-8080-exec-5] DEBUG o.s.security.web.FilterChainProxy - Securing GET /home/blog/current-user 
24-11-04 15:47:04.174 [http-nio-8080-exec-9] DEBUG o.s.security.web.FilterChainProxy - Securing GET /home/blog/current-user 
24-11-04 15:47:04.174 [http-nio-8080-exec-7] DEBUG o.s.security.web.FilterChainProxy - Securing GET /home/all-blogs 
24-11-04 15:47:15.616 [http-nio-8080-exec-10] DEBUG o.s.security.web.FilterChainProxy - Securing POST /public/login 
24-11-04 15:47:15.620 [http-nio-8080-exec-10] DEBUG o.s.s.w.a.AnonymousAuthenticationFilter - Set SecurityContextHolder to anonymous SecurityContext 
24-11-04 15:47:15.623 [http-nio-8080-exec-10] DEBUG o.s.security.web.FilterChainProxy - Secured POST /public/login 
24-11-04 15:47:15.685 [http-nio-8080-exec-10] INFO  c.l.s.S.V.UserLoginValidation - Valid Pattern For Login 
24-11-04 15:47:15.941 [http-nio-8080-exec-10] DEBUG o.s.s.a.d.DaoAuthenticationProvider - Authenticated user 
24-11-04 15:47:15.962 [http-nio-8080-exec-10] INFO  c.l.s.Controller.PublicController - Login Successfully 
24-11-04 15:47:16.022 [http-nio-8080-exec-2] DEBUG o.s.security.web.FilterChainProxy - Securing GET /home/blog/current-user 
24-11-04 15:47:16.026 [http-nio-8080-exec-4] DEBUG o.s.security.web.FilterChainProxy - Securing GET /home/all-blogs 
24-11-04 15:47:16.035 [http-nio-8080-exec-2] DEBUG o.s.security.web.FilterChainProxy - Secured GET /home/blog/current-user 
24-11-04 15:47:16.036 [http-nio-8080-exec-4] DEBUG o.s.security.web.FilterChainProxy - Secured GET /home/all-blogs 
24-11-04 15:47:16.038 [http-nio-8080-exec-2] INFO  c.l.server.Controller.HomeController - UserName : osaf106 
24-11-04 15:47:16.049 [http-nio-8080-exec-3] DEBUG o.s.security.web.FilterChainProxy - Securing GET /home/blog/current-user 
24-11-04 15:47:16.054 [http-nio-8080-exec-3] DEBUG o.s.security.web.FilterChainProxy - Secured GET /home/blog/current-user 
24-11-04 15:47:16.058 [http-nio-8080-exec-3] INFO  c.l.server.Controller.HomeController - UserName : osaf106 
24-11-04 15:47:16.071 [http-nio-8080-exec-4] INFO  c.l.server.Controller.HomeController - Blog List :  
24-11-04 15:47:16.088 [http-nio-8080-exec-1] DEBUG o.s.security.web.FilterChainProxy - Securing GET /home/all-blogs 
24-11-04 15:47:16.094 [http-nio-8080-exec-1] DEBUG o.s.security.web.FilterChainProxy - Secured GET /home/all-blogs 
24-11-04 15:47:16.099 [http-nio-8080-exec-1] INFO  c.l.server.Controller.HomeController - Blog List :  
24-11-04 15:47:22.570 [http-nio-8080-exec-5] DEBUG o.s.security.web.FilterChainProxy - Securing GET /home/blog/current-user 
24-11-04 15:47:22.577 [http-nio-8080-exec-10] DEBUG o.s.security.web.FilterChainProxy - Securing GET /home/blog/id/6727ba474c298e6126246bff 
24-11-04 15:47:22.578 [http-nio-8080-exec-2] DEBUG o.s.security.web.FilterChainProxy - Securing GET /comments/get-blog-comments/6727ba474c298e6126246bff 
24-11-04 15:47:22.578 [http-nio-8080-exec-5] DEBUG o.s.security.web.FilterChainProxy - Secured GET /home/blog/current-user 
24-11-04 15:47:22.581 [http-nio-8080-exec-5] INFO  c.l.server.Controller.HomeController - UserName : osaf106 
24-11-04 15:47:22.584 [http-nio-8080-exec-10] DEBUG o.s.security.web.FilterChainProxy - Secured GET /home/blog/id/6727ba474c298e6126246bff 
24-11-04 15:47:22.586 [http-nio-8080-exec-3] DEBUG o.s.security.web.FilterChainProxy - Securing GET /home/blog/current-user 
24-11-04 15:47:22.589 [http-nio-8080-exec-2] DEBUG o.s.security.web.FilterChainProxy - Secured GET /comments/get-blog-comments/6727ba474c298e6126246bff 
24-11-04 15:47:22.592 [http-nio-8080-exec-3] DEBUG o.s.security.web.FilterChainProxy - Secured GET /home/blog/current-user 
24-11-04 15:47:22.598 [http-nio-8080-exec-3] INFO  c.l.server.Controller.HomeController - UserName : osaf106 
24-11-04 15:47:22.616 [http-nio-8080-exec-2] INFO  c.l.s.Controller.CommentsController - List Of Comments By Id : [CommentsModel(id=6727bad84c298e6126246c00, blogId=6727ba474c298e6126246bff, sendBy=Abdullah, message=This is more informative info , timestamp=2024-11-03T23:03:04.487)] 
24-11-04 15:47:22.620 [http-nio-8080-exec-10] INFO  c.l.server.Controller.HomeController - Blog :  
24-11-04 15:47:22.624 [http-nio-8080-exec-4] DEBUG o.s.security.web.FilterChainProxy - Securing GET /home/blog/id/6727ba474c298e6126246bff 
24-11-04 15:47:22.627 [http-nio-8080-exec-1] DEBUG o.s.security.web.FilterChainProxy - Securing GET /comments/get-blog-comments/6727ba474c298e6126246bff 
24-11-04 15:47:22.630 [http-nio-8080-exec-4] DEBUG o.s.security.web.FilterChainProxy - Secured GET /home/blog/id/6727ba474c298e6126246bff 
24-11-04 15:47:22.634 [http-nio-8080-exec-1] DEBUG o.s.security.web.FilterChainProxy - Secured GET /comments/get-blog-comments/6727ba474c298e6126246bff 
24-11-04 15:47:22.636 [http-nio-8080-exec-4] INFO  c.l.server.Controller.HomeController - Blog :  
24-11-04 15:47:22.638 [http-nio-8080-exec-1] INFO  c.l.s.Controller.CommentsController - List Of Comments By Id : [CommentsModel(id=6727bad84c298e6126246c00, blogId=6727ba474c298e6126246bff, sendBy=Abdullah, message=This is more informative info , timestamp=2024-11-03T23:03:04.487)] 
24-11-04 15:47:22.640 [http-nio-8080-exec-8] DEBUG o.s.security.web.FilterChainProxy - Securing GET /reply-model/get-all-reply/6727bad84c298e6126246c00 
24-11-04 15:47:22.648 [http-nio-8080-exec-8] DEBUG o.s.security.web.FilterChainProxy - Secured GET /reply-model/get-all-reply/6727bad84c298e6126246c00 
24-11-04 15:47:22.666 [http-nio-8080-exec-8] INFO  c.l.s.C.ReplyCommentController - Get All Replies Comments of Id : [ReplyCommentsModel(id=6727bb374c298e6126246c02, mainCommentId=6727bad84c298e6126246c00, sendBy=Muhammad Osaf Ahmed, message=thanks abdullah, timestamp=2024-11-03T23:04:39.880)] 
24-11-04 15:47:22.674 [http-nio-8080-exec-7] DEBUG o.s.security.web.FilterChainProxy - Securing GET /reply-model/get-all-reply/6727bad84c298e6126246c00 
24-11-04 15:47:22.679 [http-nio-8080-exec-7] DEBUG o.s.security.web.FilterChainProxy - Secured GET /reply-model/get-all-reply/6727bad84c298e6126246c00 
24-11-04 15:47:22.683 [http-nio-8080-exec-7] INFO  c.l.s.C.ReplyCommentController - Get All Replies Comments of Id : [ReplyCommentsModel(id=6727bb374c298e6126246c02, mainCommentId=6727bad84c298e6126246c00, sendBy=Muhammad Osaf Ahmed, message=thanks abdullah, timestamp=2024-11-03T23:04:39.880)] 
24-11-04 15:47:26.093 [http-nio-8080-exec-6] DEBUG o.s.security.web.FilterChainProxy - Securing GET /home/blog/current-user 
24-11-04 15:47:26.098 [http-nio-8080-exec-5] DEBUG o.s.security.web.FilterChainProxy - Securing GET /home/all-blogs 
24-11-04 15:47:26.099 [http-nio-8080-exec-6] DEBUG o.s.security.web.FilterChainProxy - Secured GET /home/blog/current-user 
24-11-04 15:47:26.103 [http-nio-8080-exec-6] INFO  c.l.server.Controller.HomeController - UserName : osaf106 
24-11-04 15:47:26.104 [http-nio-8080-exec-5] DEBUG o.s.security.web.FilterChainProxy - Secured GET /home/all-blogs 
24-11-04 15:47:26.106 [http-nio-8080-exec-3] DEBUG o.s.security.web.FilterChainProxy - Securing GET /home/blog/current-user 
24-11-04 15:47:26.108 [http-nio-8080-exec-5] INFO  c.l.server.Controller.HomeController - Blog List :  
24-11-04 15:47:26.112 [http-nio-8080-exec-3] DEBUG o.s.security.web.FilterChainProxy - Secured GET /home/blog/current-user 
24-11-04 15:47:26.113 [http-nio-8080-exec-2] DEBUG o.s.security.web.FilterChainProxy - Securing GET /home/all-blogs 
24-11-04 15:47:26.117 [http-nio-8080-exec-3] INFO  c.l.server.Controller.HomeController - UserName : osaf106 
24-11-04 15:47:26.121 [http-nio-8080-exec-2] DEBUG o.s.security.web.FilterChainProxy - Secured GET /home/all-blogs 
24-11-04 15:47:26.124 [http-nio-8080-exec-2] INFO  c.l.server.Controller.HomeController - Blog List :  
24-11-04 15:47:35.670 [http-nio-8080-exec-10] DEBUG o.s.security.web.FilterChainProxy - Securing GET /home/blog/current-user 
24-11-04 15:47:35.680 [http-nio-8080-exec-10] DEBUG o.s.security.web.FilterChainProxy - Secured GET /home/blog/current-user 
24-11-04 15:47:35.681 [http-nio-8080-exec-9] DEBUG o.s.security.web.FilterChainProxy - Securing GET /home/all-blogs 
24-11-04 15:47:35.685 [http-nio-8080-exec-10] INFO  c.l.server.Controller.HomeController - UserName : osaf106 
24-11-04 15:47:35.687 [http-nio-8080-exec-9] DEBUG o.s.security.web.FilterChainProxy - Secured GET /home/all-blogs 
24-11-04 15:47:35.688 [http-nio-8080-exec-1] DEBUG o.s.security.web.FilterChainProxy - Securing GET /home/blog/current-user 
24-11-04 15:47:35.690 [http-nio-8080-exec-9] INFO  c.l.server.Controller.HomeController - Blog List :  
24-11-04 15:47:35.694 [http-nio-8080-exec-1] DEBUG o.s.security.web.FilterChainProxy - Secured GET /home/blog/current-user 
24-11-04 15:47:35.697 [http-nio-8080-exec-4] DEBUG o.s.security.web.FilterChainProxy - Securing GET /home/all-blogs 
24-11-04 15:47:35.699 [http-nio-8080-exec-1] INFO  c.l.server.Controller.HomeController - UserName : osaf106 
24-11-04 15:47:35.702 [http-nio-8080-exec-4] DEBUG o.s.security.web.FilterChainProxy - Secured GET /home/all-blogs 
24-11-04 15:47:35.705 [http-nio-8080-exec-4] INFO  c.l.server.Controller.HomeController - Blog List :  
24-11-04 15:47:54.750 [http-nio-8080-exec-7] DEBUG o.s.security.web.FilterChainProxy - Securing GET /home/all-blogs 
24-11-04 15:47:54.750 [http-nio-8080-exec-8] DEBUG o.s.security.web.FilterChainProxy - Securing GET /home/blog/current-user 
24-11-04 15:47:54.755 [http-nio-8080-exec-7] DEBUG o.s.security.web.FilterChainProxy - Secured GET /home/all-blogs 
24-11-04 15:47:54.755 [http-nio-8080-exec-8] DEBUG o.s.security.web.FilterChainProxy - Secured GET /home/blog/current-user 
24-11-04 15:47:54.758 [http-nio-8080-exec-8] INFO  c.l.server.Controller.HomeController - UserName : osaf106 
24-11-04 15:47:54.758 [http-nio-8080-exec-7] INFO  c.l.server.Controller.HomeController - Blog List :  
24-11-04 15:47:54.767 [http-nio-8080-exec-5] DEBUG o.s.security.web.FilterChainProxy - Securing GET /home/all-blogs 
24-11-04 15:47:54.767 [http-nio-8080-exec-6] DEBUG o.s.security.web.FilterChainProxy - Securing GET /home/blog/current-user 
24-11-04 15:47:54.772 [http-nio-8080-exec-6] DEBUG o.s.security.web.FilterChainProxy - Secured GET /home/blog/current-user 
24-11-04 15:47:54.772 [http-nio-8080-exec-5] DEBUG o.s.security.web.FilterChainProxy - Secured GET /home/all-blogs 
24-11-04 15:47:54.774 [http-nio-8080-exec-6] INFO  c.l.server.Controller.HomeController - UserName : osaf106 
24-11-04 15:47:54.774 [http-nio-8080-exec-5] INFO  c.l.server.Controller.HomeController - Blog List :  
24-11-04 15:48:55.538 [http-nio-8080-exec-4] DEBUG o.s.security.web.FilterChainProxy - Securing POST /public/login 
24-11-04 15:48:55.538 [http-nio-8080-exec-4] DEBUG o.s.s.w.a.AnonymousAuthenticationFilter - Set SecurityContextHolder to anonymous SecurityContext 
24-11-04 15:48:55.538 [http-nio-8080-exec-4] DEBUG o.s.security.web.FilterChainProxy - Secured POST /public/login 
24-11-04 15:48:55.539 [http-nio-8080-exec-4] ERROR c.l.s.S.V.UserLoginValidation - Password must contain 8 letters 
24-11-04 15:48:55.540 [http-nio-8080-exec-4] ERROR c.l.s.Controller.PublicController - Password must contain 8 letters 
24-11-04 15:49:17.378 [http-nio-8080-exec-8] DEBUG o.s.security.web.FilterChainProxy - Securing POST /public/login 
24-11-04 15:49:17.379 [http-nio-8080-exec-8] DEBUG o.s.s.w.a.AnonymousAuthenticationFilter - Set SecurityContextHolder to anonymous SecurityContext 
24-11-04 15:49:17.379 [http-nio-8080-exec-8] DEBUG o.s.security.web.FilterChainProxy - Secured POST /public/login 
24-11-04 15:49:17.380 [http-nio-8080-exec-8] INFO  c.l.s.S.V.UserLoginValidation - Valid Pattern For Login 
24-11-04 15:49:17.456 [http-nio-8080-exec-8] DEBUG o.s.s.a.d.DaoAuthenticationProvider - Authenticated user 
24-11-04 15:49:17.457 [http-nio-8080-exec-8] INFO  c.l.s.Controller.PublicController - Login Successfully 
24-11-04 15:49:17.493 [http-nio-8080-exec-7] DEBUG o.s.security.web.FilterChainProxy - Securing GET /home/blog/current-user 
24-11-04 15:49:17.498 [http-nio-8080-exec-6] DEBUG o.s.security.web.FilterChainProxy - Securing GET /home/all-blogs 
24-11-04 15:49:17.499 [http-nio-8080-exec-7] DEBUG o.s.security.web.FilterChainProxy - Secured GET /home/blog/current-user 
24-11-04 15:49:17.502 [http-nio-8080-exec-7] INFO  c.l.server.Controller.HomeController - UserName : osaf106 
24-11-04 15:49:17.504 [http-nio-8080-exec-6] DEBUG o.s.security.web.FilterChainProxy - Secured GET /home/all-blogs 
24-11-04 15:49:17.509 [http-nio-8080-exec-5] DEBUG o.s.security.web.FilterChainProxy - Securing GET /home/blog/current-user 
24-11-04 15:49:17.511 [http-nio-8080-exec-6] INFO  c.l.server.Controller.HomeController - Blog List :  
24-11-04 15:49:17.519 [http-nio-8080-exec-5] DEBUG o.s.security.web.FilterChainProxy - Secured GET /home/blog/current-user 
24-11-04 15:49:17.521 [http-nio-8080-exec-3] DEBUG o.s.security.web.FilterChainProxy - Securing GET /home/all-blogs 
24-11-04 15:49:17.523 [http-nio-8080-exec-5] INFO  c.l.server.Controller.HomeController - UserName : osaf106 
24-11-04 15:49:17.526 [http-nio-8080-exec-3] DEBUG o.s.security.web.FilterChainProxy - Secured GET /home/all-blogs 
24-11-04 15:49:17.530 [http-nio-8080-exec-3] INFO  c.l.server.Controller.HomeController - Blog List :  
24-11-04 15:49:37.060 [http-nio-8080-exec-10] DEBUG o.s.security.web.FilterChainProxy - Securing POST /public/login 
24-11-04 15:49:37.061 [http-nio-8080-exec-10] DEBUG o.s.s.w.a.AnonymousAuthenticationFilter - Set SecurityContextHolder to anonymous SecurityContext 
24-11-04 15:49:37.061 [http-nio-8080-exec-10] DEBUG o.s.security.web.FilterChainProxy - Secured POST /public/login 
24-11-04 15:49:37.062 [http-nio-8080-exec-10] INFO  c.l.s.S.V.UserLoginValidation - Valid Pattern For Login 
24-11-04 15:49:37.128 [http-nio-8080-exec-10] DEBUG o.s.s.a.d.DaoAuthenticationProvider - Failed to authenticate since password does not match stored value 
24-11-04 15:49:37.130 [http-nio-8080-exec-10] ERROR c.l.s.Controller.PublicController - password is incorrect 
24-11-04 15:49:40.335 [http-nio-8080-exec-2] DEBUG o.s.security.web.FilterChainProxy - Securing POST /public/login 
24-11-04 15:49:40.335 [http-nio-8080-exec-2] DEBUG o.s.s.w.a.AnonymousAuthenticationFilter - Set SecurityContextHolder to anonymous SecurityContext 
24-11-04 15:49:40.335 [http-nio-8080-exec-2] DEBUG o.s.security.web.FilterChainProxy - Secured POST /public/login 
24-11-04 15:49:40.336 [http-nio-8080-exec-2] ERROR c.l.s.S.V.UserLoginValidation - Password must contain 8 letters 
24-11-04 15:49:40.336 [http-nio-8080-exec-2] ERROR c.l.s.Controller.PublicController - Password must contain 8 letters 
24-11-04 15:49:43.935 [http-nio-8080-exec-1] DEBUG o.s.security.web.FilterChainProxy - Securing POST /public/login 
24-11-04 15:49:43.935 [http-nio-8080-exec-1] DEBUG o.s.s.w.a.AnonymousAuthenticationFilter - Set SecurityContextHolder to anonymous SecurityContext 
24-11-04 15:49:43.935 [http-nio-8080-exec-1] DEBUG o.s.security.web.FilterChainProxy - Secured POST /public/login 
24-11-04 15:49:43.936 [http-nio-8080-exec-1] INFO  c.l.s.S.V.UserLoginValidation - Valid Pattern For Login 
24-11-04 15:49:44.007 [http-nio-8080-exec-1] DEBUG o.s.s.a.d.DaoAuthenticationProvider - Authenticated user 
24-11-04 15:49:44.008 [http-nio-8080-exec-1] INFO  c.l.s.Controller.PublicController - Login Successfully 
24-11-04 15:49:44.068 [http-nio-8080-exec-9] DEBUG o.s.security.web.FilterChainProxy - Securing GET /home/blog/current-user 
24-11-04 15:49:44.069 [http-nio-8080-exec-4] DEBUG o.s.security.web.FilterChainProxy - Securing GET /home/all-blogs 
24-11-04 15:49:44.072 [http-nio-8080-exec-4] DEBUG o.s.security.web.FilterChainProxy - Secured GET /home/all-blogs 
24-11-04 15:49:44.072 [http-nio-8080-exec-9] DEBUG o.s.security.web.FilterChainProxy - Secured GET /home/blog/current-user 
24-11-04 15:49:44.077 [http-nio-8080-exec-9] INFO  c.l.server.Controller.HomeController - UserName : osaf106 
24-11-04 15:49:44.077 [http-nio-8080-exec-4] INFO  c.l.server.Controller.HomeController - Blog List :  
24-11-04 15:49:44.084 [http-nio-8080-exec-7] DEBUG o.s.security.web.FilterChainProxy - Securing GET /home/all-blogs 
24-11-04 15:49:44.084 [http-nio-8080-exec-8] DEBUG o.s.security.web.FilterChainProxy - Securing GET /home/blog/current-user 
24-11-04 15:49:44.089 [http-nio-8080-exec-7] DEBUG o.s.security.web.FilterChainProxy - Secured GET /home/all-blogs 
24-11-04 15:49:44.089 [http-nio-8080-exec-8] DEBUG o.s.security.web.FilterChainProxy - Secured GET /home/blog/current-user 
24-11-04 15:49:44.092 [http-nio-8080-exec-8] INFO  c.l.server.Controller.HomeController - UserName : osaf106 
24-11-04 15:49:44.092 [http-nio-8080-exec-7] INFO  c.l.server.Controller.HomeController - Blog List :  
24-11-04 15:50:16.439 [http-nio-8080-exec-6] DEBUG o.s.security.web.FilterChainProxy - Securing POST /public/login 
24-11-04 15:50:16.440 [http-nio-8080-exec-6] DEBUG o.s.s.w.a.AnonymousAuthenticationFilter - Set SecurityContextHolder to anonymous SecurityContext 
24-11-04 15:50:16.440 [http-nio-8080-exec-6] DEBUG o.s.security.web.FilterChainProxy - Secured POST /public/login 
24-11-04 15:50:16.440 [http-nio-8080-exec-6] INFO  c.l.s.S.V.UserLoginValidation - Valid Pattern For Login 
24-11-04 15:50:16.508 [http-nio-8080-exec-6] DEBUG o.s.s.a.d.DaoAuthenticationProvider - Failed to authenticate since password does not match stored value 
24-11-04 15:50:16.508 [http-nio-8080-exec-6] ERROR c.l.s.Controller.PublicController - password is incorrect 
24-11-04 15:50:19.568 [http-nio-8080-exec-5] DEBUG o.s.security.web.FilterChainProxy - Securing POST /public/login 
24-11-04 15:50:19.568 [http-nio-8080-exec-5] DEBUG o.s.s.w.a.AnonymousAuthenticationFilter - Set SecurityContextHolder to anonymous SecurityContext 
24-11-04 15:50:19.568 [http-nio-8080-exec-5] DEBUG o.s.security.web.FilterChainProxy - Secured POST /public/login 
24-11-04 15:50:19.569 [http-nio-8080-exec-5] ERROR c.l.s.S.V.UserLoginValidation - Password must contain 8 letters 
24-11-04 15:50:19.569 [http-nio-8080-exec-5] ERROR c.l.s.Controller.PublicController - Password must contain 8 letters 
24-11-04 15:50:27.052 [http-nio-8080-exec-3] DEBUG o.s.security.web.FilterChainProxy - Securing POST /public/login 
24-11-04 15:50:27.053 [http-nio-8080-exec-3] DEBUG o.s.s.w.a.AnonymousAuthenticationFilter - Set SecurityContextHolder to anonymous SecurityContext 
24-11-04 15:50:27.053 [http-nio-8080-exec-3] DEBUG o.s.security.web.FilterChainProxy - Secured POST /public/login 
24-11-04 15:50:27.054 [http-nio-8080-exec-3] INFO  c.l.s.S.V.UserLoginValidation - Valid Pattern For Login 
24-11-04 15:50:27.057 [http-nio-8080-exec-3] ERROR c.l.s.Controller.PublicController - User Not found 
24-11-04 15:50:31.964 [http-nio-8080-exec-10] DEBUG o.s.security.web.FilterChainProxy - Securing POST /public/login 
24-11-04 15:50:31.964 [http-nio-8080-exec-10] DEBUG o.s.s.w.a.AnonymousAuthenticationFilter - Set SecurityContextHolder to anonymous SecurityContext 
24-11-04 15:50:31.964 [http-nio-8080-exec-10] DEBUG o.s.security.web.FilterChainProxy - Secured POST /public/login 
24-11-04 15:50:31.965 [http-nio-8080-exec-10] INFO  c.l.s.S.V.UserLoginValidation - Valid Pattern For Login 
24-11-04 15:50:32.040 [http-nio-8080-exec-10] DEBUG o.s.s.a.d.DaoAuthenticationProvider - Authenticated user 
24-11-04 15:50:32.040 [http-nio-8080-exec-10] INFO  c.l.s.Controller.PublicController - Login Successfully 
24-11-04 15:50:32.096 [http-nio-8080-exec-2] DEBUG o.s.security.web.FilterChainProxy - Securing GET /home/blog/current-user 
24-11-04 15:50:32.101 [http-nio-8080-exec-2] DEBUG o.s.security.web.FilterChainProxy - Secured GET /home/blog/current-user 
24-11-04 15:50:32.104 [http-nio-8080-exec-1] DEBUG o.s.security.web.FilterChainProxy - Securing GET /home/all-blogs 
24-11-04 15:50:32.105 [http-nio-8080-exec-2] INFO  c.l.server.Controller.HomeController - UserName : osaf106 
24-11-04 15:50:32.110 [http-nio-8080-exec-9] DEBUG o.s.security.web.FilterChainProxy - Securing GET /home/blog/current-user 
24-11-04 15:50:32.110 [http-nio-8080-exec-1] DEBUG o.s.security.web.FilterChainProxy - Secured GET /home/all-blogs 
24-11-04 15:50:32.114 [http-nio-8080-exec-1] INFO  c.l.server.Controller.HomeController - Blog List :  
24-11-04 15:50:32.114 [http-nio-8080-exec-9] DEBUG o.s.security.web.FilterChainProxy - Secured GET /home/blog/current-user 
24-11-04 15:50:32.117 [http-nio-8080-exec-9] INFO  c.l.server.Controller.HomeController - UserName : osaf106 
24-11-04 15:50:32.117 [http-nio-8080-exec-4] DEBUG o.s.security.web.FilterChainProxy - Securing GET /home/all-blogs 
24-11-04 15:50:32.124 [http-nio-8080-exec-4] DEBUG o.s.security.web.FilterChainProxy - Secured GET /home/all-blogs 
24-11-04 15:50:32.127 [http-nio-8080-exec-4] INFO  c.l.server.Controller.HomeController - Blog List :  
24-11-04 15:51:11.585 [http-nio-8080-exec-7] DEBUG o.s.security.web.FilterChainProxy - Securing POST /home/create-new-Blog 
24-11-04 15:51:11.589 [http-nio-8080-exec-7] DEBUG o.s.security.web.FilterChainProxy - Secured POST /home/create-new-Blog 
24-11-04 15:51:11.597 [http-nio-8080-exec-7] INFO  c.l.s.S.Validation.HomeValidations - valid 
24-11-04 15:51:11.644 [http-nio-8080-exec-7] INFO  c.l.server.Controller.HomeController - Successfully Added New Blog 
24-11-04 15:51:11.662 [http-nio-8080-exec-6] DEBUG o.s.security.web.FilterChainProxy - Securing GET /home/blog/current-user 
24-11-04 15:51:11.664 [http-nio-8080-exec-5] DEBUG o.s.security.web.FilterChainProxy - Securing GET /home/all-blogs 
24-11-04 15:51:11.669 [http-nio-8080-exec-6] DEBUG o.s.security.web.FilterChainProxy - Secured GET /home/blog/current-user 
24-11-04 15:51:11.673 [http-nio-8080-exec-6] INFO  c.l.server.Controller.HomeController - UserName : osaf106 
24-11-04 15:51:11.674 [http-nio-8080-exec-5] DEBUG o.s.security.web.FilterChainProxy - Secured GET /home/all-blogs 
24-11-04 15:51:11.677 [http-nio-8080-exec-3] DEBUG o.s.security.web.FilterChainProxy - Securing GET /home/blog/current-user 
24-11-04 15:51:11.679 [http-nio-8080-exec-5] INFO  c.l.server.Controller.HomeController - Blog List :  
24-11-04 15:51:11.681 [http-nio-8080-exec-3] DEBUG o.s.security.web.FilterChainProxy - Secured GET /home/blog/current-user 
24-11-04 15:51:11.683 [http-nio-8080-exec-10] DEBUG o.s.security.web.FilterChainProxy - Securing GET /home/all-blogs 
24-11-04 15:51:11.686 [http-nio-8080-exec-3] INFO  c.l.server.Controller.HomeController - UserName : osaf106 
24-11-04 15:51:11.692 [http-nio-8080-exec-10] DEBUG o.s.security.web.FilterChainProxy - Secured GET /home/all-blogs 
24-11-04 15:51:11.699 [http-nio-8080-exec-10] INFO  c.l.server.Controller.HomeController - Blog List :  
24-11-04 15:51:15.637 [http-nio-8080-exec-2] DEBUG o.s.security.web.FilterChainProxy - Securing GET /home/blog/current-user 
24-11-04 15:51:15.648 [http-nio-8080-exec-2] DEBUG o.s.security.web.FilterChainProxy - Secured GET /home/blog/current-user 
24-11-04 15:51:15.649 [http-nio-8080-exec-6] DEBUG o.s.security.web.FilterChainProxy - Securing GET /comments/get-blog-comments/6728a71f4cca3f4bbb91e45e 
24-11-04 15:51:15.650 [http-nio-8080-exec-7] DEBUG o.s.security.web.FilterChainProxy - Securing GET /home/blog/id/6728a71f4cca3f4bbb91e45e 
24-11-04 15:51:15.653 [http-nio-8080-exec-2] INFO  c.l.server.Controller.HomeController - UserName : osaf106 
24-11-04 15:51:15.655 [http-nio-8080-exec-6] DEBUG o.s.security.web.FilterChainProxy - Secured GET /comments/get-blog-comments/6728a71f4cca3f4bbb91e45e 
24-11-04 15:51:15.660 [http-nio-8080-exec-7] DEBUG o.s.security.web.FilterChainProxy - Secured GET /home/blog/id/6728a71f4cca3f4bbb91e45e 
24-11-04 15:51:15.663 [http-nio-8080-exec-6] INFO  c.l.s.Controller.CommentsController - List Of Comments By Id : [] 
24-11-04 15:51:15.666 [http-nio-8080-exec-7] INFO  c.l.server.Controller.HomeController - Blog :  
24-11-04 15:51:15.666 [http-nio-8080-exec-3] DEBUG o.s.security.web.FilterChainProxy - Securing GET /home/blog/current-user 
24-11-04 15:51:15.670 [http-nio-8080-exec-5] DEBUG o.s.security.web.FilterChainProxy - Securing GET /comments/get-blog-comments/6728a71f4cca3f4bbb91e45e 
24-11-04 15:51:15.671 [http-nio-8080-exec-10] DEBUG o.s.security.web.FilterChainProxy - Securing GET /home/blog/id/6728a71f4cca3f4bbb91e45e 
24-11-04 15:51:15.673 [http-nio-8080-exec-3] DEBUG o.s.security.web.FilterChainProxy - Secured GET /home/blog/current-user 
24-11-04 15:51:15.675 [http-nio-8080-exec-5] DEBUG o.s.security.web.FilterChainProxy - Secured GET /comments/get-blog-comments/6728a71f4cca3f4bbb91e45e 
24-11-04 15:51:15.675 [http-nio-8080-exec-10] DEBUG o.s.security.web.FilterChainProxy - Secured GET /home/blog/id/6728a71f4cca3f4bbb91e45e 
24-11-04 15:51:15.676 [http-nio-8080-exec-3] INFO  c.l.server.Controller.HomeController - UserName : osaf106 
24-11-04 15:51:15.678 [http-nio-8080-exec-5] INFO  c.l.s.Controller.CommentsController - List Of Comments By Id : [] 
24-11-04 15:51:15.679 [http-nio-8080-exec-10] INFO  c.l.server.Controller.HomeController - Blog :  
24-11-04 15:51:36.719 [http-nio-8080-exec-9] DEBUG o.s.security.web.FilterChainProxy - Securing POST /public/login 
24-11-04 15:51:36.719 [http-nio-8080-exec-9] DEBUG o.s.s.w.a.AnonymousAuthenticationFilter - Set SecurityContextHolder to anonymous SecurityContext 
24-11-04 15:51:36.719 [http-nio-8080-exec-9] DEBUG o.s.security.web.FilterChainProxy - Secured POST /public/login 
24-11-04 15:51:36.720 [http-nio-8080-exec-9] INFO  c.l.s.S.V.UserLoginValidation - Valid Pattern For Login 
24-11-04 15:51:36.795 [http-nio-8080-exec-9] DEBUG o.s.s.a.d.DaoAuthenticationProvider - Authenticated user 
24-11-04 15:51:36.796 [http-nio-8080-exec-9] INFO  c.l.s.Controller.PublicController - Login Successfully 
24-11-04 15:51:36.852 [http-nio-8080-exec-4] DEBUG o.s.security.web.FilterChainProxy - Securing GET /home/blog/current-user 
24-11-04 15:51:36.853 [http-nio-8080-exec-8] DEBUG o.s.security.web.FilterChainProxy - Securing GET /home/all-blogs 
24-11-04 15:51:36.856 [http-nio-8080-exec-8] DEBUG o.s.security.web.FilterChainProxy - Secured GET /home/all-blogs 
24-11-04 15:51:36.856 [http-nio-8080-exec-4] DEBUG o.s.security.web.FilterChainProxy - Secured GET /home/blog/current-user 
24-11-04 15:51:36.858 [http-nio-8080-exec-4] INFO  c.l.server.Controller.HomeController - UserName : abdullah106 
24-11-04 15:51:36.861 [http-nio-8080-exec-8] INFO  c.l.server.Controller.HomeController - Blog List :  
24-11-04 15:51:36.863 [http-nio-8080-exec-1] DEBUG o.s.security.web.FilterChainProxy - Securing GET /home/blog/current-user 
24-11-04 15:51:36.871 [http-nio-8080-exec-2] DEBUG o.s.security.web.FilterChainProxy - Securing GET /home/all-blogs 
24-11-04 15:51:36.874 [http-nio-8080-exec-1] DEBUG o.s.security.web.FilterChainProxy - Secured GET /home/blog/current-user 
24-11-04 15:51:36.875 [http-nio-8080-exec-2] DEBUG o.s.security.web.FilterChainProxy - Secured GET /home/all-blogs 
24-11-04 15:51:36.877 [http-nio-8080-exec-1] INFO  c.l.server.Controller.HomeController - UserName : abdullah106 
24-11-04 15:51:36.880 [http-nio-8080-exec-2] INFO  c.l.server.Controller.HomeController - Blog List :  
24-11-04 15:51:41.345 [http-nio-8080-exec-6] DEBUG o.s.security.web.FilterChainProxy - Securing GET /home/blog/current-user 
24-11-04 15:51:41.346 [http-nio-8080-exec-7] DEBUG o.s.security.web.FilterChainProxy - Securing GET /home/blog/id/6728a71f4cca3f4bbb91e45e 
24-11-04 15:51:41.349 [http-nio-8080-exec-3] DEBUG o.s.security.web.FilterChainProxy - Securing GET /comments/get-blog-comments/6728a71f4cca3f4bbb91e45e 
24-11-04 15:51:41.356 [http-nio-8080-exec-6] DEBUG o.s.security.web.FilterChainProxy - Secured GET /home/blog/current-user 
24-11-04 15:51:41.357 [http-nio-8080-exec-7] DEBUG o.s.security.web.FilterChainProxy - Secured GET /home/blog/id/6728a71f4cca3f4bbb91e45e 
24-11-04 15:51:41.361 [http-nio-8080-exec-6] INFO  c.l.server.Controller.HomeController - UserName : abdullah106 
24-11-04 15:51:41.361 [http-nio-8080-exec-7] INFO  c.l.server.Controller.HomeController - Blog :  
24-11-04 15:51:41.367 [http-nio-8080-exec-10] DEBUG o.s.security.web.FilterChainProxy - Securing GET /home/blog/current-user 
24-11-04 15:51:41.368 [http-nio-8080-exec-5] DEBUG o.s.security.web.FilterChainProxy - Securing GET /home/blog/id/6728a71f4cca3f4bbb91e45e 
24-11-04 15:51:41.371 [http-nio-8080-exec-10] DEBUG o.s.security.web.FilterChainProxy - Secured GET /home/blog/current-user 
24-11-04 15:51:41.373 [http-nio-8080-exec-3] DEBUG o.s.security.web.FilterChainProxy - Secured GET /comments/get-blog-comments/6728a71f4cca3f4bbb91e45e 
24-11-04 15:51:41.373 [http-nio-8080-exec-5] DEBUG o.s.security.web.FilterChainProxy - Secured GET /home/blog/id/6728a71f4cca3f4bbb91e45e 
24-11-04 15:51:41.375 [http-nio-8080-exec-10] INFO  c.l.server.Controller.HomeController - UserName : abdullah106 
24-11-04 15:51:41.375 [http-nio-8080-exec-3] INFO  c.l.s.Controller.CommentsController - List Of Comments By Id : [] 
24-11-04 15:51:41.376 [http-nio-8080-exec-5] INFO  c.l.server.Controller.HomeController - Blog :  
24-11-04 15:51:41.381 [http-nio-8080-exec-5] DEBUG o.s.security.web.FilterChainProxy - Securing GET /comments/get-blog-comments/6728a71f4cca3f4bbb91e45e 
24-11-04 15:51:41.391 [http-nio-8080-exec-5] DEBUG o.s.security.web.FilterChainProxy - Secured GET /comments/get-blog-comments/6728a71f4cca3f4bbb91e45e 
24-11-04 15:51:41.397 [http-nio-8080-exec-5] INFO  c.l.s.Controller.CommentsController - List Of Comments By Id : [] 
24-11-04 15:51:50.855 [http-nio-8080-exec-8] DEBUG o.s.security.web.FilterChainProxy - Securing POST /comments/save-comment/6728a71f4cca3f4bbb91e45e 
24-11-04 15:51:50.861 [http-nio-8080-exec-8] DEBUG o.s.security.web.FilterChainProxy - Secured POST /comments/save-comment/6728a71f4cca3f4bbb91e45e 
24-11-04 15:51:50.889 [http-nio-8080-exec-8] INFO  c.l.s.Controller.CommentsController - Save By to : Abdullah 
24-11-04 15:51:51.102 [http-nio-8080-exec-1] DEBUG o.s.security.web.FilterChainProxy - Securing GET /home/blog/current-user 
24-11-04 15:51:51.102 [http-nio-8080-exec-6] DEBUG o.s.security.web.FilterChainProxy - Securing GET /comments/get-blog-comments/6728a71f4cca3f4bbb91e45e 
24-11-04 15:51:51.103 [http-nio-8080-exec-2] DEBUG o.s.security.web.FilterChainProxy - Securing GET /home/blog/id/6728a71f4cca3f4bbb91e45e 
24-11-04 15:51:51.107 [http-nio-8080-exec-2] DEBUG o.s.security.web.FilterChainProxy - Secured GET /home/blog/id/6728a71f4cca3f4bbb91e45e 
24-11-04 15:51:51.107 [http-nio-8080-exec-1] DEBUG o.s.security.web.FilterChainProxy - Secured GET /home/blog/current-user 
24-11-04 15:51:51.107 [http-nio-8080-exec-6] DEBUG o.s.security.web.FilterChainProxy - Secured GET /comments/get-blog-comments/6728a71f4cca3f4bbb91e45e 
24-11-04 15:51:51.110 [http-nio-8080-exec-1] INFO  c.l.server.Controller.HomeController - UserName : abdullah106 
24-11-04 15:51:51.110 [http-nio-8080-exec-6] INFO  c.l.s.Controller.CommentsController - List Of Comments By Id : [CommentsModel(id=6728a7464cca3f4bbb91e45f, blogId=6728a71f4cca3f4bbb91e45e, sendBy=Abdullah, message=nice, timestamp=2024-11-04T15:51:50.872)] 
24-11-04 15:51:51.111 [http-nio-8080-exec-2] INFO  c.l.server.Controller.HomeController - Blog :  
24-11-04 15:51:51.119 [http-nio-8080-exec-3] DEBUG o.s.security.web.FilterChainProxy - Securing GET /home/blog/id/6728a71f4cca3f4bbb91e45e 
24-11-04 15:51:51.119 [http-nio-8080-exec-7] DEBUG o.s.security.web.FilterChainProxy - Securing GET /comments/get-blog-comments/6728a71f4cca3f4bbb91e45e 
24-11-04 15:51:51.119 [http-nio-8080-exec-10] DEBUG o.s.security.web.FilterChainProxy - Securing GET /home/blog/current-user 
24-11-04 15:51:51.124 [http-nio-8080-exec-10] DEBUG o.s.security.web.FilterChainProxy - Secured GET /home/blog/current-user 
24-11-04 15:51:51.124 [http-nio-8080-exec-7] DEBUG o.s.security.web.FilterChainProxy - Secured GET /comments/get-blog-comments/6728a71f4cca3f4bbb91e45e 
24-11-04 15:51:51.128 [http-nio-8080-exec-3] DEBUG o.s.security.web.FilterChainProxy - Secured GET /home/blog/id/6728a71f4cca3f4bbb91e45e 
24-11-04 15:51:51.128 [http-nio-8080-exec-10] INFO  c.l.server.Controller.HomeController - UserName : abdullah106 
24-11-04 15:51:51.128 [http-nio-8080-exec-7] INFO  c.l.s.Controller.CommentsController - List Of Comments By Id : [CommentsModel(id=6728a7464cca3f4bbb91e45f, blogId=6728a71f4cca3f4bbb91e45e, sendBy=Abdullah, message=nice, timestamp=2024-11-04T15:51:50.872)] 
24-11-04 15:51:51.133 [http-nio-8080-exec-3] INFO  c.l.server.Controller.HomeController - Blog :  
24-11-04 15:51:51.159 [http-nio-8080-exec-5] DEBUG o.s.security.web.FilterChainProxy - Securing GET /reply-model/get-all-reply/6728a7464cca3f4bbb91e45f 
24-11-04 15:51:51.166 [http-nio-8080-exec-5] DEBUG o.s.security.web.FilterChainProxy - Secured GET /reply-model/get-all-reply/6728a7464cca3f4bbb91e45f 
24-11-04 15:51:51.169 [http-nio-8080-exec-5] INFO  c.l.s.C.ReplyCommentController - Get All Replies Comments of Id : [] 
24-11-04 15:51:51.172 [http-nio-8080-exec-4] DEBUG o.s.security.web.FilterChainProxy - Securing GET /reply-model/get-all-reply/6728a7464cca3f4bbb91e45f 
24-11-04 15:51:51.176 [http-nio-8080-exec-4] DEBUG o.s.security.web.FilterChainProxy - Secured GET /reply-model/get-all-reply/6728a7464cca3f4bbb91e45f 
24-11-04 15:51:51.180 [http-nio-8080-exec-4] INFO  c.l.s.C.ReplyCommentController - Get All Replies Comments of Id : [] 
24-11-04 15:52:15.026 [http-nio-8080-exec-8] DEBUG o.s.security.web.FilterChainProxy - Securing POST /comments/save-comment/6728a71f4cca3f4bbb91e45e 
24-11-04 15:52:15.032 [http-nio-8080-exec-8] DEBUG o.s.security.web.FilterChainProxy - Secured POST /comments/save-comment/6728a71f4cca3f4bbb91e45e 
24-11-04 15:52:15.038 [http-nio-8080-exec-8] INFO  c.l.s.Controller.CommentsController - Save By to : Abdullah 
24-11-04 15:52:15.260 [http-nio-8080-exec-6] DEBUG o.s.security.web.FilterChainProxy - Securing GET /home/blog/current-user 
24-11-04 15:52:15.261 [http-nio-8080-exec-1] DEBUG o.s.security.web.FilterChainProxy - Securing GET /home/blog/id/6728a71f4cca3f4bbb91e45e 
24-11-04 15:52:15.261 [http-nio-8080-exec-2] DEBUG o.s.security.web.FilterChainProxy - Securing GET /comments/get-blog-comments/6728a71f4cca3f4bbb91e45e 
24-11-04 15:52:15.264 [http-nio-8080-exec-6] DEBUG o.s.security.web.FilterChainProxy - Secured GET /home/blog/current-user 
24-11-04 15:52:15.265 [http-nio-8080-exec-2] DEBUG o.s.security.web.FilterChainProxy - Secured GET /comments/get-blog-comments/6728a71f4cca3f4bbb91e45e 
24-11-04 15:52:15.265 [http-nio-8080-exec-1] DEBUG o.s.security.web.FilterChainProxy - Secured GET /home/blog/id/6728a71f4cca3f4bbb91e45e 
24-11-04 15:52:15.267 [http-nio-8080-exec-6] INFO  c.l.server.Controller.HomeController - UserName : abdullah106 
24-11-04 15:52:15.267 [http-nio-8080-exec-2] INFO  c.l.s.Controller.CommentsController - List Of Comments By Id : [CommentsModel(id=6728a7464cca3f4bbb91e45f, blogId=6728a71f4cca3f4bbb91e45e, sendBy=Abdullah, message=nice, timestamp=2024-11-04T15:51:50.872), CommentsModel(id=6728a75f4cca3f4bbb91e460, blogId=6728a71f4cca3f4bbb91e45e, sendBy=Abdullah, message=Nice info osaf, timestamp=2024-11-04T15:52:15.036)] 
24-11-04 15:52:15.267 [http-nio-8080-exec-1] INFO  c.l.server.Controller.HomeController - Blog :  
24-11-04 15:52:15.272 [http-nio-8080-exec-7] DEBUG o.s.security.web.FilterChainProxy - Securing GET /home/blog/current-user 
24-11-04 15:52:15.273 [http-nio-8080-exec-1] DEBUG o.s.security.web.FilterChainProxy - Securing GET /home/blog/id/6728a71f4cca3f4bbb91e45e 
24-11-04 15:52:15.273 [http-nio-8080-exec-10] DEBUG o.s.security.web.FilterChainProxy - Securing GET /comments/get-blog-comments/6728a71f4cca3f4bbb91e45e 
24-11-04 15:52:15.278 [http-nio-8080-exec-1] DEBUG o.s.security.web.FilterChainProxy - Secured GET /home/blog/id/6728a71f4cca3f4bbb91e45e 
24-11-04 15:52:15.278 [http-nio-8080-exec-7] DEBUG o.s.security.web.FilterChainProxy - Secured GET /home/blog/current-user 
24-11-04 15:52:15.280 [http-nio-8080-exec-10] DEBUG o.s.security.web.FilterChainProxy - Secured GET /comments/get-blog-comments/6728a71f4cca3f4bbb91e45e 
24-11-04 15:52:15.282 [http-nio-8080-exec-7] INFO  c.l.server.Controller.HomeController - UserName : abdullah106 
24-11-04 15:52:15.282 [http-nio-8080-exec-1] INFO  c.l.server.Controller.HomeController - Blog :  
24-11-04 15:52:15.284 [http-nio-8080-exec-10] INFO  c.l.s.Controller.CommentsController - List Of Comments By Id : [CommentsModel(id=6728a7464cca3f4bbb91e45f, blogId=6728a71f4cca3f4bbb91e45e, sendBy=Abdullah, message=nice, timestamp=2024-11-04T15:51:50.872), CommentsModel(id=6728a75f4cca3f4bbb91e460, blogId=6728a71f4cca3f4bbb91e45e, sendBy=Abdullah, message=Nice info osaf, timestamp=2024-11-04T15:52:15.036)] 
24-11-04 15:52:15.311 [http-nio-8080-exec-9] DEBUG o.s.security.web.FilterChainProxy - Securing GET /reply-model/get-all-reply/6728a7464cca3f4bbb91e45f 
24-11-04 15:52:15.317 [http-nio-8080-exec-9] DEBUG o.s.security.web.FilterChainProxy - Secured GET /reply-model/get-all-reply/6728a7464cca3f4bbb91e45f 
24-11-04 15:52:15.318 [http-nio-8080-exec-4] DEBUG o.s.security.web.FilterChainProxy - Securing GET /reply-model/get-all-reply/6728a75f4cca3f4bbb91e460 
24-11-04 15:52:15.320 [http-nio-8080-exec-9] INFO  c.l.s.C.ReplyCommentController - Get All Replies Comments of Id : [] 
24-11-04 15:52:15.331 [http-nio-8080-exec-4] DEBUG o.s.security.web.FilterChainProxy - Secured GET /reply-model/get-all-reply/6728a75f4cca3f4bbb91e460 
24-11-04 15:52:15.334 [http-nio-8080-exec-4] INFO  c.l.s.C.ReplyCommentController - Get All Replies Comments of Id : [] 
24-11-04 15:52:15.337 [http-nio-8080-exec-8] DEBUG o.s.security.web.FilterChainProxy - Securing GET /reply-model/get-all-reply/6728a7464cca3f4bbb91e45f 
24-11-04 15:52:15.338 [http-nio-8080-exec-6] DEBUG o.s.security.web.FilterChainProxy - Securing GET /reply-model/get-all-reply/6728a75f4cca3f4bbb91e460 
24-11-04 15:52:15.342 [http-nio-8080-exec-8] DEBUG o.s.security.web.FilterChainProxy - Secured GET /reply-model/get-all-reply/6728a7464cca3f4bbb91e45f 
24-11-04 15:52:15.345 [http-nio-8080-exec-6] DEBUG o.s.security.web.FilterChainProxy - Secured GET /reply-model/get-all-reply/6728a75f4cca3f4bbb91e460 
24-11-04 15:52:15.346 [http-nio-8080-exec-8] INFO  c.l.s.C.ReplyCommentController - Get All Replies Comments of Id : [] 
24-11-04 15:52:15.348 [http-nio-8080-exec-6] INFO  c.l.s.C.ReplyCommentController - Get All Replies Comments of Id : [] 
24-11-04 15:52:31.634 [http-nio-8080-exec-2] DEBUG o.s.security.web.FilterChainProxy - Securing POST /public/login 
24-11-04 15:52:31.634 [http-nio-8080-exec-2] DEBUG o.s.s.w.a.AnonymousAuthenticationFilter - Set SecurityContextHolder to anonymous SecurityContext 
24-11-04 15:52:31.634 [http-nio-8080-exec-2] DEBUG o.s.security.web.FilterChainProxy - Secured POST /public/login 
24-11-04 15:52:31.635 [http-nio-8080-exec-2] INFO  c.l.s.S.V.UserLoginValidation - Valid Pattern For Login 
24-11-04 15:52:31.707 [http-nio-8080-exec-2] DEBUG o.s.s.a.d.DaoAuthenticationProvider - Authenticated user 
24-11-04 15:52:31.708 [http-nio-8080-exec-2] INFO  c.l.s.Controller.PublicController - Login Successfully 
24-11-04 15:52:31.732 [http-nio-8080-exec-3] DEBUG o.s.security.web.FilterChainProxy - Securing GET /home/blog/current-user 
24-11-04 15:52:31.733 [http-nio-8080-exec-7] DEBUG o.s.security.web.FilterChainProxy - Securing GET /home/all-blogs 
24-11-04 15:52:31.737 [http-nio-8080-exec-3] DEBUG o.s.security.web.FilterChainProxy - Secured GET /home/blog/current-user 
24-11-04 15:52:31.737 [http-nio-8080-exec-7] DEBUG o.s.security.web.FilterChainProxy - Secured GET /home/all-blogs 
24-11-04 15:52:31.739 [http-nio-8080-exec-3] INFO  c.l.server.Controller.HomeController - UserName : osaf106 
24-11-04 15:52:31.742 [http-nio-8080-exec-7] INFO  c.l.server.Controller.HomeController - Blog List :  
24-11-04 15:52:31.744 [http-nio-8080-exec-1] DEBUG o.s.security.web.FilterChainProxy - Securing GET /home/blog/current-user 
24-11-04 15:52:31.753 [http-nio-8080-exec-1] DEBUG o.s.security.web.FilterChainProxy - Secured GET /home/blog/current-user 
24-11-04 15:52:31.756 [http-nio-8080-exec-1] INFO  c.l.server.Controller.HomeController - UserName : osaf106 
24-11-04 15:52:31.764 [http-nio-8080-exec-10] DEBUG o.s.security.web.FilterChainProxy - Securing GET /home/all-blogs 
24-11-04 15:52:31.768 [http-nio-8080-exec-10] DEBUG o.s.security.web.FilterChainProxy - Secured GET /home/all-blogs 
24-11-04 15:52:31.772 [http-nio-8080-exec-10] INFO  c.l.server.Controller.HomeController - Blog List :  
24-11-04 15:52:33.109 [http-nio-8080-exec-5] DEBUG o.s.security.web.FilterChainProxy - Securing GET /home/blog/current-user 
24-11-04 15:52:33.110 [http-nio-8080-exec-4] DEBUG o.s.security.web.FilterChainProxy - Securing GET /comments/get-blog-comments/6728a71f4cca3f4bbb91e45e 
24-11-04 15:52:33.112 [http-nio-8080-exec-9] DEBUG o.s.security.web.FilterChainProxy - Securing GET /home/blog/id/6728a71f4cca3f4bbb91e45e 
24-11-04 15:52:33.115 [http-nio-8080-exec-4] DEBUG o.s.security.web.FilterChainProxy - Secured GET /comments/get-blog-comments/6728a71f4cca3f4bbb91e45e 
24-11-04 15:52:33.119 [http-nio-8080-exec-9] DEBUG o.s.security.web.FilterChainProxy - Secured GET /home/blog/id/6728a71f4cca3f4bbb91e45e 
24-11-04 15:52:33.119 [http-nio-8080-exec-5] DEBUG o.s.security.web.FilterChainProxy - Secured GET /home/blog/current-user 
24-11-04 15:52:33.120 [http-nio-8080-exec-4] INFO  c.l.s.Controller.CommentsController - List Of Comments By Id : [CommentsModel(id=6728a7464cca3f4bbb91e45f, blogId=6728a71f4cca3f4bbb91e45e, sendBy=Abdullah, message=nice, timestamp=2024-11-04T15:51:50.872), CommentsModel(id=6728a75f4cca3f4bbb91e460, blogId=6728a71f4cca3f4bbb91e45e, sendBy=Abdullah, message=Nice info osaf, timestamp=2024-11-04T15:52:15.036)] 
24-11-04 15:52:33.123 [http-nio-8080-exec-5] INFO  c.l.server.Controller.HomeController - UserName : osaf106 
24-11-04 15:52:33.125 [http-nio-8080-exec-9] INFO  c.l.server.Controller.HomeController - Blog :  
24-11-04 15:52:33.127 [http-nio-8080-exec-6] DEBUG o.s.security.web.FilterChainProxy - Securing GET /home/blog/current-user 
24-11-04 15:52:33.129 [http-nio-8080-exec-2] DEBUG o.s.security.web.FilterChainProxy - Securing GET /home/blog/id/6728a71f4cca3f4bbb91e45e 
24-11-04 15:52:33.131 [http-nio-8080-exec-8] DEBUG o.s.security.web.FilterChainProxy - Securing GET /comments/get-blog-comments/6728a71f4cca3f4bbb91e45e 
24-11-04 15:52:33.134 [http-nio-8080-exec-6] DEBUG o.s.security.web.FilterChainProxy - Secured GET /home/blog/current-user 
24-11-04 15:52:33.134 [http-nio-8080-exec-2] DEBUG o.s.security.web.FilterChainProxy - Secured GET /home/blog/id/6728a71f4cca3f4bbb91e45e 
24-11-04 15:52:33.136 [http-nio-8080-exec-8] DEBUG o.s.security.web.FilterChainProxy - Secured GET /comments/get-blog-comments/6728a71f4cca3f4bbb91e45e 
24-11-04 15:52:33.136 [http-nio-8080-exec-6] INFO  c.l.server.Controller.HomeController - UserName : osaf106 
24-11-04 15:52:33.137 [http-nio-8080-exec-2] INFO  c.l.server.Controller.HomeController - Blog :  
24-11-04 15:52:33.140 [http-nio-8080-exec-8] INFO  c.l.s.Controller.CommentsController - List Of Comments By Id : [CommentsModel(id=6728a7464cca3f4bbb91e45f, blogId=6728a71f4cca3f4bbb91e45e, sendBy=Abdullah, message=nice, timestamp=2024-11-04T15:51:50.872), CommentsModel(id=6728a75f4cca3f4bbb91e460, blogId=6728a71f4cca3f4bbb91e45e, sendBy=Abdullah, message=Nice info osaf, timestamp=2024-11-04T15:52:15.036)] 
24-11-04 15:52:33.145 [http-nio-8080-exec-7] DEBUG o.s.security.web.FilterChainProxy - Securing GET /reply-model/get-all-reply/6728a75f4cca3f4bbb91e460 
24-11-04 15:52:33.145 [http-nio-8080-exec-3] DEBUG o.s.security.web.FilterChainProxy - Securing GET /reply-model/get-all-reply/6728a7464cca3f4bbb91e45f 
24-11-04 15:52:33.150 [http-nio-8080-exec-7] DEBUG o.s.security.web.FilterChainProxy - Secured GET /reply-model/get-all-reply/6728a75f4cca3f4bbb91e460 
24-11-04 15:52:33.150 [http-nio-8080-exec-3] DEBUG o.s.security.web.FilterChainProxy - Secured GET /reply-model/get-all-reply/6728a7464cca3f4bbb91e45f 
24-11-04 15:52:33.153 [http-nio-8080-exec-7] INFO  c.l.s.C.ReplyCommentController - Get All Replies Comments of Id : [] 
24-11-04 15:52:33.153 [http-nio-8080-exec-3] INFO  c.l.s.C.ReplyCommentController - Get All Replies Comments of Id : [] 
24-11-04 15:52:33.166 [http-nio-8080-exec-1] DEBUG o.s.security.web.FilterChainProxy - Securing GET /reply-model/get-all-reply/6728a7464cca3f4bbb91e45f 
24-11-04 15:52:33.166 [http-nio-8080-exec-10] DEBUG o.s.security.web.FilterChainProxy - Securing GET /reply-model/get-all-reply/6728a75f4cca3f4bbb91e460 
24-11-04 15:52:33.168 [http-nio-8080-exec-1] DEBUG o.s.security.web.FilterChainProxy - Secured GET /reply-model/get-all-reply/6728a7464cca3f4bbb91e45f 
24-11-04 15:52:33.168 [http-nio-8080-exec-10] DEBUG o.s.security.web.FilterChainProxy - Secured GET /reply-model/get-all-reply/6728a75f4cca3f4bbb91e460 
24-11-04 15:52:33.171 [http-nio-8080-exec-1] INFO  c.l.s.C.ReplyCommentController - Get All Replies Comments of Id : [] 
24-11-04 15:52:33.171 [http-nio-8080-exec-10] INFO  c.l.s.C.ReplyCommentController - Get All Replies Comments of Id : [] 
24-11-04 15:52:46.513 [http-nio-8080-exec-5] DEBUG o.s.security.web.FilterChainProxy - Securing POST /reply-model/save-reply-comment/6728a7464cca3f4bbb91e45f 
24-11-04 15:52:46.518 [http-nio-8080-exec-5] DEBUG o.s.security.web.FilterChainProxy - Secured POST /reply-model/save-reply-comment/6728a7464cca3f4bbb91e45f 
24-11-04 15:52:46.536 [http-nio-8080-exec-5] INFO  c.l.s.C.ReplyCommentController - Save Reply Comment of Id : Muhammad Osaf Ahmed 
24-11-04 15:52:46.762 [http-nio-8080-exec-9] DEBUG o.s.security.web.FilterChainProxy - Securing GET /home/blog/current-user 
24-11-04 15:52:46.762 [http-nio-8080-exec-6] DEBUG o.s.security.web.FilterChainProxy - Securing GET /home/blog/id/6728a71f4cca3f4bbb91e45e 
24-11-04 15:52:46.762 [http-nio-8080-exec-2] DEBUG o.s.security.web.FilterChainProxy - Securing GET /comments/get-blog-comments/6728a71f4cca3f4bbb91e45e 
24-11-04 15:52:46.766 [http-nio-8080-exec-9] DEBUG o.s.security.web.FilterChainProxy - Secured GET /home/blog/current-user 
24-11-04 15:52:46.766 [http-nio-8080-exec-2] DEBUG o.s.security.web.FilterChainProxy - Secured GET /comments/get-blog-comments/6728a71f4cca3f4bbb91e45e 
24-11-04 15:52:46.766 [http-nio-8080-exec-6] DEBUG o.s.security.web.FilterChainProxy - Secured GET /home/blog/id/6728a71f4cca3f4bbb91e45e 
24-11-04 15:52:46.769 [http-nio-8080-exec-2] INFO  c.l.s.Controller.CommentsController - List Of Comments By Id : [CommentsModel(id=6728a7464cca3f4bbb91e45f, blogId=6728a71f4cca3f4bbb91e45e, sendBy=Abdullah, message=nice, timestamp=2024-11-04T15:51:50.872), CommentsModel(id=6728a75f4cca3f4bbb91e460, blogId=6728a71f4cca3f4bbb91e45e, sendBy=Abdullah, message=Nice info osaf, timestamp=2024-11-04T15:52:15.036)] 
24-11-04 15:52:46.769 [http-nio-8080-exec-6] INFO  c.l.server.Controller.HomeController - Blog :  
24-11-04 15:52:46.769 [http-nio-8080-exec-9] INFO  c.l.server.Controller.HomeController - UserName : osaf106 
24-11-04 15:52:46.776 [http-nio-8080-exec-7] DEBUG o.s.security.web.FilterChainProxy - Securing GET /home/blog/current-user 
24-11-04 15:52:46.776 [http-nio-8080-exec-3] DEBUG o.s.security.web.FilterChainProxy - Securing GET /home/blog/id/6728a71f4cca3f4bbb91e45e 
24-11-04 15:52:46.776 [http-nio-8080-exec-8] DEBUG o.s.security.web.FilterChainProxy - Securing GET /comments/get-blog-comments/6728a71f4cca3f4bbb91e45e 
24-11-04 15:52:46.780 [http-nio-8080-exec-7] DEBUG o.s.security.web.FilterChainProxy - Secured GET /home/blog/current-user 
24-11-04 15:52:46.780 [http-nio-8080-exec-3] DEBUG o.s.security.web.FilterChainProxy - Secured GET /home/blog/id/6728a71f4cca3f4bbb91e45e 
24-11-04 15:52:46.780 [http-nio-8080-exec-8] DEBUG o.s.security.web.FilterChainProxy - Secured GET /comments/get-blog-comments/6728a71f4cca3f4bbb91e45e 
24-11-04 15:52:46.784 [http-nio-8080-exec-7] INFO  c.l.server.Controller.HomeController - UserName : osaf106 
24-11-04 15:52:46.789 [http-nio-8080-exec-3] INFO  c.l.server.Controller.HomeController - Blog :  
24-11-04 15:52:46.792 [http-nio-8080-exec-8] INFO  c.l.s.Controller.CommentsController - List Of Comments By Id : [CommentsModel(id=6728a7464cca3f4bbb91e45f, blogId=6728a71f4cca3f4bbb91e45e, sendBy=Abdullah, message=nice, timestamp=2024-11-04T15:51:50.872), CommentsModel(id=6728a75f4cca3f4bbb91e460, blogId=6728a71f4cca3f4bbb91e45e, sendBy=Abdullah, message=Nice info osaf, timestamp=2024-11-04T15:52:15.036)] 
24-11-04 15:52:46.815 [http-nio-8080-exec-10] DEBUG o.s.security.web.FilterChainProxy - Securing GET /reply-model/get-all-reply/6728a7464cca3f4bbb91e45f 
24-11-04 15:52:46.815 [http-nio-8080-exec-1] DEBUG o.s.security.web.FilterChainProxy - Securing GET /reply-model/get-all-reply/6728a75f4cca3f4bbb91e460 
24-11-04 15:52:46.820 [http-nio-8080-exec-10] DEBUG o.s.security.web.FilterChainProxy - Secured GET /reply-model/get-all-reply/6728a7464cca3f4bbb91e45f 
24-11-04 15:52:46.820 [http-nio-8080-exec-1] DEBUG o.s.security.web.FilterChainProxy - Secured GET /reply-model/get-all-reply/6728a75f4cca3f4bbb91e460 
24-11-04 15:52:46.823 [http-nio-8080-exec-1] INFO  c.l.s.C.ReplyCommentController - Get All Replies Comments of Id : [] 
24-11-04 15:52:46.823 [http-nio-8080-exec-10] INFO  c.l.s.C.ReplyCommentController - Get All Replies Comments of Id : [ReplyCommentsModel(id=6728a77e4cca3f4bbb91e461, mainCommentId=6728a7464cca3f4bbb91e45f, sendBy=Muhammad Osaf Ahmed, message=thanks abdullah, timestamp=2024-11-04T15:52:46.525)] 
24-11-04 15:52:46.828 [http-nio-8080-exec-4] DEBUG o.s.security.web.FilterChainProxy - Securing GET /reply-model/get-all-reply/6728a75f4cca3f4bbb91e460 
24-11-04 15:52:46.828 [http-nio-8080-exec-5] DEBUG o.s.security.web.FilterChainProxy - Securing GET /reply-model/get-all-reply/6728a7464cca3f4bbb91e45f 
24-11-04 15:52:46.832 [http-nio-8080-exec-4] DEBUG o.s.security.web.FilterChainProxy - Secured GET /reply-model/get-all-reply/6728a75f4cca3f4bbb91e460 
24-11-04 15:52:46.832 [http-nio-8080-exec-5] DEBUG o.s.security.web.FilterChainProxy - Secured GET /reply-model/get-all-reply/6728a7464cca3f4bbb91e45f 
24-11-04 15:52:46.833 [http-nio-8080-exec-4] INFO  c.l.s.C.ReplyCommentController - Get All Replies Comments of Id : [] 
24-11-04 15:52:46.834 [http-nio-8080-exec-5] INFO  c.l.s.C.ReplyCommentController - Get All Replies Comments of Id : [ReplyCommentsModel(id=6728a77e4cca3f4bbb91e461, mainCommentId=6728a7464cca3f4bbb91e45f, sendBy=Muhammad Osaf Ahmed, message=thanks abdullah, timestamp=2024-11-04T15:52:46.525)] 
24-11-04 15:52:54.303 [http-nio-8080-exec-2] DEBUG o.s.security.web.FilterChainProxy - Securing GET /home/blog/current-user 
24-11-04 15:52:54.305 [http-nio-8080-exec-9] DEBUG o.s.security.web.FilterChainProxy - Securing GET /home/blog/id/6728a71f4cca3f4bbb91e45e 
24-11-04 15:52:54.307 [http-nio-8080-exec-6] DEBUG o.s.security.web.FilterChainProxy - Securing GET /comments/get-blog-comments/6728a71f4cca3f4bbb91e45e 
24-11-04 15:52:54.309 [http-nio-8080-exec-2] DEBUG o.s.security.web.FilterChainProxy - Secured GET /home/blog/current-user 
24-11-04 15:52:54.311 [http-nio-8080-exec-2] INFO  c.l.server.Controller.HomeController - UserName : osaf106 
24-11-04 15:52:54.312 [http-nio-8080-exec-6] DEBUG o.s.security.web.FilterChainProxy - Secured GET /comments/get-blog-comments/6728a71f4cca3f4bbb91e45e 
24-11-04 15:52:54.312 [http-nio-8080-exec-9] DEBUG o.s.security.web.FilterChainProxy - Secured GET /home/blog/id/6728a71f4cca3f4bbb91e45e 
24-11-04 15:52:54.316 [http-nio-8080-exec-6] INFO  c.l.s.Controller.CommentsController - List Of Comments By Id : [CommentsModel(id=6728a7464cca3f4bbb91e45f, blogId=6728a71f4cca3f4bbb91e45e, sendBy=Abdullah, message=nice, timestamp=2024-11-04T15:51:50.872), CommentsModel(id=6728a75f4cca3f4bbb91e460, blogId=6728a71f4cca3f4bbb91e45e, sendBy=Abdullah, message=Nice info osaf, timestamp=2024-11-04T15:52:15.036)] 
24-11-04 15:52:54.316 [http-nio-8080-exec-9] INFO  c.l.server.Controller.HomeController - Blog :  
24-11-04 15:52:54.324 [http-nio-8080-exec-3] DEBUG o.s.security.web.FilterChainProxy - Securing GET /comments/get-blog-comments/6728a71f4cca3f4bbb91e45e 
24-11-04 15:52:54.324 [http-nio-8080-exec-8] DEBUG o.s.security.web.FilterChainProxy - Securing GET /home/blog/id/6728a71f4cca3f4bbb91e45e 
24-11-04 15:52:54.324 [http-nio-8080-exec-7] DEBUG o.s.security.web.FilterChainProxy - Securing GET /home/blog/current-user 
24-11-04 15:52:54.328 [http-nio-8080-exec-7] DEBUG o.s.security.web.FilterChainProxy - Secured GET /home/blog/current-user 
24-11-04 15:52:54.328 [http-nio-8080-exec-3] DEBUG o.s.security.web.FilterChainProxy - Secured GET /comments/get-blog-comments/6728a71f4cca3f4bbb91e45e 
24-11-04 15:52:54.329 [http-nio-8080-exec-8] DEBUG o.s.security.web.FilterChainProxy - Secured GET /home/blog/id/6728a71f4cca3f4bbb91e45e 
24-11-04 15:52:54.331 [http-nio-8080-exec-7] INFO  c.l.server.Controller.HomeController - UserName : osaf106 
24-11-04 15:52:54.331 [http-nio-8080-exec-3] INFO  c.l.s.Controller.CommentsController - List Of Comments By Id : [CommentsModel(id=6728a7464cca3f4bbb91e45f, blogId=6728a71f4cca3f4bbb91e45e, sendBy=Abdullah, message=nice, timestamp=2024-11-04T15:51:50.872), CommentsModel(id=6728a75f4cca3f4bbb91e460, blogId=6728a71f4cca3f4bbb91e45e, sendBy=Abdullah, message=Nice info osaf, timestamp=2024-11-04T15:52:15.036)] 
24-11-04 15:52:54.334 [http-nio-8080-exec-8] INFO  c.l.server.Controller.HomeController - Blog :  
24-11-04 15:52:54.359 [http-nio-8080-exec-10] DEBUG o.s.security.web.FilterChainProxy - Securing GET /reply-model/get-all-reply/6728a7464cca3f4bbb91e45f 
24-11-04 15:52:54.359 [http-nio-8080-exec-1] DEBUG o.s.security.web.FilterChainProxy - Securing GET /reply-model/get-all-reply/6728a75f4cca3f4bbb91e460 
24-11-04 15:52:54.364 [http-nio-8080-exec-1] DEBUG o.s.security.web.FilterChainProxy - Secured GET /reply-model/get-all-reply/6728a75f4cca3f4bbb91e460 
24-11-04 15:52:54.364 [http-nio-8080-exec-10] DEBUG o.s.security.web.FilterChainProxy - Secured GET /reply-model/get-all-reply/6728a7464cca3f4bbb91e45f 
24-11-04 15:52:54.367 [http-nio-8080-exec-1] INFO  c.l.s.C.ReplyCommentController - Get All Replies Comments of Id : [] 
24-11-04 15:52:54.368 [http-nio-8080-exec-10] INFO  c.l.s.C.ReplyCommentController - Get All Replies Comments of Id : [ReplyCommentsModel(id=6728a77e4cca3f4bbb91e461, mainCommentId=6728a7464cca3f4bbb91e45f, sendBy=Muhammad Osaf Ahmed, message=thanks abdullah, timestamp=2024-11-04T15:52:46.525)] 
24-11-04 15:52:59.575 [http-nio-8080-exec-4] DEBUG o.s.security.web.FilterChainProxy - Securing GET /home/all-blogs 
24-11-04 15:52:59.575 [http-nio-8080-exec-5] DEBUG o.s.security.web.FilterChainProxy - Securing GET /home/blog/current-user 
24-11-04 15:52:59.579 [http-nio-8080-exec-4] DEBUG o.s.security.web.FilterChainProxy - Secured GET /home/all-blogs 
24-11-04 15:52:59.579 [http-nio-8080-exec-5] DEBUG o.s.security.web.FilterChainProxy - Secured GET /home/blog/current-user 
24-11-04 15:52:59.583 [http-nio-8080-exec-5] INFO  c.l.server.Controller.HomeController - UserName : osaf106 
24-11-04 15:52:59.585 [http-nio-8080-exec-4] INFO  c.l.server.Controller.HomeController - Blog List :  
24-11-04 15:52:59.588 [http-nio-8080-exec-2] DEBUG o.s.security.web.FilterChainProxy - Securing GET /home/blog/current-user 
24-11-04 15:52:59.593 [http-nio-8080-exec-6] DEBUG o.s.security.web.FilterChainProxy - Securing GET /home/all-blogs 
24-11-04 15:52:59.594 [http-nio-8080-exec-2] DEBUG o.s.security.web.FilterChainProxy - Secured GET /home/blog/current-user 
24-11-04 15:52:59.597 [http-nio-8080-exec-2] INFO  c.l.server.Controller.HomeController - UserName : osaf106 
24-11-04 15:52:59.597 [http-nio-8080-exec-6] DEBUG o.s.security.web.FilterChainProxy - Secured GET /home/all-blogs 
24-11-04 15:52:59.601 [http-nio-8080-exec-6] INFO  c.l.server.Controller.HomeController - Blog List :  
